<?xml version="1.0" encoding="UTF-8"?>
<!-- Generated by org.testng.reporters.JUnitReportReporter -->
<testsuite skipped="0" hostname="DESKTOP-VUHI299" name="assigment.AnnotationDemo2" tests="2" failures="0" timestamp="2022-08-08T18:15:13 EDT" time="0.002" errors="0">
  <testcase name="test3" time="0.000" classname="assigment.AnnotationDemo2"/>
  <system-out/>
  <testcase name="test4" time="0.002" classname="assigment.AnnotationDemo2"/>
  <system-out/>
</testsuite> <!-- assigment.AnnotationDemo2 -->
