<?xml version="1.0" encoding="UTF-8"?>
<!-- Generated by org.testng.reporters.JUnitReportReporter -->
<testsuite skipped="0" hostname="DESKTOP-VUHI299" name="assigment.Demo3" tests="2" failures="0" timestamp="2022-08-08T18:15:13 EDT" time="0.002" errors="0">
  <testcase name="test5" time="0.001" classname="assigment.Demo3"/>
  <system-out/>
  <testcase name="test4" time="0.001" classname="assigment.Demo3"/>
  <system-out/>
</testsuite> <!-- assigment.Demo3 -->
