<?xml version="1.0" encoding="UTF-8"?>
<!-- Generated by org.testng.reporters.JUnitReportReporter -->
<testsuite skipped="0" hostname="DESKTOP-VUHI299" name="TestNgDemo.AnnotationsDemo2" tests="2" failures="0" timestamp="2022-08-08T21:30:02 EDT" time="0.001" errors="0">
  <testcase name="test3" time="0.000" classname="TestNgDemo.AnnotationsDemo2"/>
  <system-out/>
  <testcase name="test4" time="0.001" classname="TestNgDemo.AnnotationsDemo2"/>
  <system-out/>
</testsuite> <!-- TestNgDemo.AnnotationsDemo2 -->
