<?xml version="1.0" encoding="UTF-8"?>
<!-- Generated by org.testng.reporters.JUnitReportReporter -->
<testsuite hostname="DESKTOP-VUHI299" failures="0" tests="2" name="annotationsDemo.AnnotationDemo2" time="0.005" errors="0" timestamp="2022-07-26T17:56:03 EDT" skipped="0">
  <testcase classname="annotationsDemo.AnnotationDemo2" name="test4" time="0.001"/>
  <system-out/>
  <testcase classname="annotationsDemo.AnnotationDemo2" name="test3" time="0.004"/>
  <system-out/>
</testsuite> <!-- annotationsDemo.AnnotationDemo2 -->
