<?xml version="1.0" encoding="UTF-8"?>
<!-- Generated by org.testng.reporters.JUnitReportReporter -->
<testsuite hostname="DESKTOP-VUHI299" failures="0" tests="2" name="annotationsDemo.AnnotationsDemo2" time="0.002" errors="0" timestamp="2022-07-26T18:16:44 EDT" skipped="0">
  <testcase classname="annotationsDemo.AnnotationsDemo2" name="test4" time="0.000"/>
  <system-out/>
  <testcase classname="annotationsDemo.AnnotationsDemo2" name="test3" time="0.002"/>
  <system-out/>
</testsuite> <!-- annotationsDemo.AnnotationsDemo2 -->
