<?xml version="1.0" encoding="UTF-8"?>
<!-- Generated by org.testng.reporters.JUnitReportReporter -->
<testsuite hostname="DESKTOP-VUHI299" failures="0" tests="6" name="annotationsDemo.DataProviderDemo" time="0.007" errors="0" timestamp="2022-07-27T10:18:40 EDT" skipped="0">
  <testcase classname="annotationsDemo.DataProviderDemo" name="employeeDetails" time="0.000"/>
  <system-out/>
  <testcase classname="annotationsDemo.DataProviderDemo" name="studentDetails" time="0.001"/>
  <system-out/>
  <testcase classname="annotationsDemo.DataProviderDemo" name="studentDetails" time="0.001"/>
  <system-out/>
  <testcase classname="annotationsDemo.DataProviderDemo" name="employeeDetails" time="0.001"/>
  <system-out/>
  <testcase classname="annotationsDemo.DataProviderDemo" name="employeeDetails" time="0.004"/>
  <system-out/>
  <testcase classname="annotationsDemo.DataProviderDemo" name="studentDetails" time="0.000"/>
  <system-out/>
</testsuite> <!-- annotationsDemo.DataProviderDemo -->
