<?xml version="1.0" encoding="UTF-8"?>
<!-- Generated by org.testng.reporters.JUnitReportReporter -->
<testsuite skipped="0" hostname="DESKTOP-VUHI299" name="commands.Explicitwait" tests="1" failures="0" timestamp="2022-08-08T16:26:19 EDT" time="7.066" errors="0">
  <testcase name="chrome_initialization" time="7.066" classname="commands.Explicitwait"/>
  <system-out/>
</testsuite> <!-- commands.Explicitwait -->
