<?xml version="1.0" encoding="UTF-8"?>
<!-- Generated by org.testng.reporters.JUnitReportReporter -->
<testsuite skipped="0" hostname="DESKTOP-VUHI299" name="TestNgDemo.AnnotationsDemo1" tests="2" failures="0" timestamp="2022-08-08T21:30:02 EDT" time="0.005" errors="0">
  <testcase name="test1" time="0.004" classname="TestNgDemo.AnnotationsDemo1"/>
  <system-out/>
  <testcase name="test2" time="0.001" classname="TestNgDemo.AnnotationsDemo1"/>
  <system-out/>
</testsuite> <!-- TestNgDemo.AnnotationsDemo1 -->
