<?xml version="1.0" encoding="UTF-8"?>
<!-- Generated by org.testng.reporters.JUnitReportReporter -->
<testsuite hostname="DESKTOP-VUHI299" failures="0" tests="1" name="runtestngprogramatically.SearchFlights" time="0.003" errors="0" timestamp="2022-07-28T15:27:41 EDT" skipped="0">
  <testcase classname="runtestngprogramatically.SearchFlights" name="search_flights" time="0.003"/>
  <system-out/>
</testsuite> <!-- runtestngprogramatically.SearchFlights -->
