<?xml version="1.0" encoding="UTF-8"?>
<!-- Generated by org.testng.reporters.JUnitReportReporter -->
<testsuite hostname="DESKTOP-VUHI299" failures="0" tests="3" name="TestNgDemo.DependsOnExample" time="0.010" errors="0" timestamp="2022-07-27T11:18:30 EDT" skipped="0">
  <testcase classname="TestNgDemo.DependsOnExample" name="searchproducts" time="0.009"/>
  <system-out/>
  <testcase classname="TestNgDemo.DependsOnExample" name="addToCart" time="0.000"/>
  <system-out/>
  <testcase classname="TestNgDemo.DependsOnExample" name="selectproduct" time="0.001"/>
  <system-out/>
</testsuite> <!-- TestNgDemo.DependsOnExample -->
