<?xml version="1.0" encoding="UTF-8"?>
<!-- Generated by org.testng.reporters.JUnitReportReporter -->
<testsuite hostname="DESKTOP-VUHI299" failures="0" tests="8" name="dataprovider.DataProviderDemo" time="0.012" errors="0" timestamp="2022-07-27T13:59:48 EDT" skipped="0">
  <testcase classname="dataprovider.DataProviderDemo" name="employeeDetails" time="0.001"/>
  <system-out/>
  <testcase classname="dataprovider.DataProviderDemo" name="studentDetails" time="0.001"/>
  <system-out/>
  <testcase classname="dataprovider.DataProviderDemo" name="test" time="0.001"/>
  <system-out/>
  <testcase classname="dataprovider.DataProviderDemo" name="employeeDetails" time="0.005"/>
  <system-out/>
  <testcase classname="dataprovider.DataProviderDemo" name="employeeDetails" time="0.001"/>
  <system-out/>
  <testcase classname="dataprovider.DataProviderDemo" name="test" time="0.001"/>
  <system-out/>
  <testcase classname="dataprovider.DataProviderDemo" name="studentDetails" time="0.001"/>
  <system-out/>
  <testcase classname="dataprovider.DataProviderDemo" name="studentDetails" time="0.001"/>
  <system-out/>
</testsuite> <!-- dataprovider.DataProviderDemo -->
