<?xml version="1.0" encoding="UTF-8"?>
<!-- Generated by org.testng.reporters.JUnitReportReporter -->
<testsuite skipped="0" hostname="DESKTOP-VUHI299" name="dataprovider.OrangeHRMDataProvider" tests="2" failures="0" timestamp="2022-08-08T21:30:02 EDT" time="8.026" errors="0">
  <testcase name="login" time="5.286" classname="dataprovider.OrangeHRMDataProvider"/>
  <system-out/>
  <testcase name="login" time="2.740" classname="dataprovider.OrangeHRMDataProvider"/>
  <system-out/>
</testsuite> <!-- dataprovider.OrangeHRMDataProvider -->
