<?xml version="1.0" encoding="UTF-8"?>
<!-- Generated by org.testng.reporters.JUnitReportReporter -->
<testsuite skipped="0" hostname="DESKTOP-VUHI299" name="assigment.DataproviderExxample" tests="3" failures="0" timestamp="2022-08-08T18:15:13 EDT" time="0.002" errors="0">
  <testcase name="login" time="0.000" classname="assigment.DataproviderExxample"/>
  <system-out/>
  <testcase name="login" time="0.001" classname="assigment.DataproviderExxample"/>
  <system-out/>
  <testcase name="login" time="0.001" classname="assigment.DataproviderExxample"/>
  <system-out/>
</testsuite> <!-- assigment.DataproviderExxample -->
