<?xml version="1.0" encoding="UTF-8"?>
<!-- Generated by org.testng.reporters.JUnitReportReporter -->
<testsuite hostname="DESKTOP-VUHI299" failures="0" tests="3" name="TestNgDemo.PriorityExample" time="0.011" errors="0" timestamp="2022-07-27T11:13:40 EDT" skipped="0">
  <testcase classname="TestNgDemo.PriorityExample" name="test1" time="0.010"/>
  <system-out/>
  <testcase classname="TestNgDemo.PriorityExample" name="test2" time="0.001"/>
  <system-out/>
  <testcase classname="TestNgDemo.PriorityExample" name="test3" time="0.000"/>
  <system-out/>
</testsuite> <!-- TestNgDemo.PriorityExample -->
