<?xml version="1.0" encoding="UTF-8"?>
<!-- Generated by org.testng.reporters.JUnitReportReporter -->
<testsuite hostname="DESKTOP-VUHI299" failures="0" tests="6" name="annotationsDemo.BeforeGroupAnnotationDemo" time="0.006" errors="0" timestamp="2022-07-26T20:02:26 EDT" skipped="0">
  <testcase classname="annotationsDemo.BeforeGroupAnnotationDemo" name="testmethod4" time="0.000"/>
  <system-out/>
  <testcase classname="annotationsDemo.BeforeGroupAnnotationDemo" name="testmethod3" time="0.000"/>
  <system-out/>
  <testcase classname="annotationsDemo.BeforeGroupAnnotationDemo" name="testWindowsOnly" time="0.004"/>
  <system-out/>
  <testcase classname="annotationsDemo.BeforeGroupAnnotationDemo" name="testmethod5" time="0.000"/>
  <system-out/>
  <testcase classname="annotationsDemo.BeforeGroupAnnotationDemo" name="testmethod2" time="0.001"/>
  <system-out/>
  <testcase classname="annotationsDemo.BeforeGroupAnnotationDemo" name="testmethod1" time="0.001"/>
  <system-out/>
</testsuite> <!-- annotationsDemo.BeforeGroupAnnotationDemo -->
