<?xml version="1.0" encoding="UTF-8"?>
<!-- Generated by org.testng.reporters.JUnitReportReporter -->
<testsuite skipped="0" hostname="DESKTOP-VUHI299" name="assigment.AnnotationsDemo" tests="2" failures="0" timestamp="2022-08-08T18:15:13 EDT" time="0.004" errors="0">
  <testcase name="test2" time="0.001" classname="assigment.AnnotationsDemo"/>
  <system-out/>
  <testcase name="test1" time="0.003" classname="assigment.AnnotationsDemo"/>
  <system-out/>
</testsuite> <!-- assigment.AnnotationsDemo -->
