<?xml version="1.0" encoding="UTF-8"?>
<!-- Generated by org.testng.reporters.JUnitReportReporter -->
<testsuite hostname="DESKTOP-VUHI299" failures="0" tests="9" name="factoryannotation.TestFactory" time="0.010" errors="0" timestamp="2022-07-27T10:55:02 EDT" skipped="0">
  <testcase classname="factoryannotation.TestFactory" name="method3" time="0.001"/>
  <system-out/>
  <testcase classname="factoryannotation.TestFactory" name="method1" time="0.001"/>
  <system-out/>
  <testcase classname="factoryannotation.TestFactory" name="method2" time="0.000"/>
  <system-out/>
  <testcase classname="factoryannotation.TestFactory" name="method1" time="0.006"/>
  <system-out/>
  <testcase classname="factoryannotation.TestFactory" name="method3" time="0.001"/>
  <system-out/>
  <testcase classname="factoryannotation.TestFactory" name="method3" time="0.000"/>
  <system-out/>
  <testcase classname="factoryannotation.TestFactory" name="method1" time="0.000"/>
  <system-out/>
  <testcase classname="factoryannotation.TestFactory" name="method2" time="0.000"/>
  <system-out/>
  <testcase classname="factoryannotation.TestFactory" name="method2" time="0.001"/>
  <system-out/>
</testsuite> <!-- factoryannotation.TestFactory -->
