<?xml version="1.0" encoding="UTF-8"?>
<!-- Generated by org.testng.reporters.JUnitReportReporter -->
<testsuite skipped="0" hostname="DESKTOP-VUHI299" name="TestNgDemo.AnnotationsDemo2" tests="2" failures="0" timestamp="05 Aug 2022 16:47:08 GMT" time="0.000" errors="0">
  <testcase name="test4" time="0.000" classname="TestNgDemo.AnnotationsDemo2"/>
  <testcase name="test3" time="0.000" classname="TestNgDemo.AnnotationsDemo2"/>
</testsuite> <!-- TestNgDemo.AnnotationsDemo2 -->
