<?xml version="1.0" encoding="UTF-8"?>
<!-- Generated by org.testng.reporters.JUnitReportReporter -->
<testsuite skipped="0" hostname="DESKTOP-VUHI299" name="assigment.DataproviderExxample" tests="3" failures="0" timestamp="08 Aug 2022 22:10:55 GMT" time="0.001" errors="0">
  <testcase name="login" time="0.000" classname="assigment.DataproviderExxample"/>
  <testcase name="login" time="0.000" classname="assigment.DataproviderExxample"/>
  <testcase name="login" time="0.001" classname="assigment.DataproviderExxample"/>
</testsuite> <!-- assigment.DataproviderExxample -->
