<?xml version="1.0" encoding="UTF-8"?>
<!-- Generated by org.testng.reporters.JUnitReportReporter -->
<testsuite skipped="0" hostname="DESKTOP-VUHI299" name="TestNgDemo.AnnotationsDemo1" tests="2" failures="0" timestamp="05 Aug 2022 16:47:08 GMT" time="0.003" errors="0">
  <testcase name="test1" time="0.003" classname="TestNgDemo.AnnotationsDemo1"/>
  <testcase name="test2" time="0.000" classname="TestNgDemo.AnnotationsDemo1"/>
</testsuite> <!-- TestNgDemo.AnnotationsDemo1 -->
